

================================================================
== Vivado HLS Report for 'aes128_expand_key_hw'
================================================================
* Date:           Tue Apr  9 20:29:31 2024

* Version:        2018.3 (Build 2405991 on Thu Dec 06 23:56:15 MST 2018)
* Project:        AES_HLS_ECE1155
* Solution:       solution1
* Product family: zynq
* Target device:  xc7z020clg400-1


================================================================
== Performance Estimates
================================================================
+ Timing (ns): 
    * Summary: 
    +--------+-------+----------+------------+
    |  Clock | Target| Estimated| Uncertainty|
    +--------+-------+----------+------------+
    |ap_clk  |  10.00|     7.498|        1.25|
    +--------+-------+----------+------------+

+ Latency (clock cycles): 
    * Summary: 
    +-----+------+-----+------+---------+
    |   Latency  |  Interval  | Pipeline|
    | min |  max | min |  max |   Type  |
    +-----+------+-----+------+---------+
    |  994|  1794|  994|  1794|   none  |
    +-----+------+-----+------+---------+

    + Detail: 
        * Instance: 
        N/A

        * Loop: 
        +-------------+-----+------+----------+-----------+-----------+------+----------+
        |             |   Latency  | Iteration|  Initiation Interval  | Trip |          |
        |  Loop Name  | min |  max |  Latency |  achieved |   target  | Count| Pipelined|
        +-------------+-----+------+----------+-----------+-----------+------+----------+
        |- Loop 1     |   32|    32|         2|          -|          -|    16|    no    |
        |- Loop 2     |  960|  1760|  24 ~ 44 |          -|          -|    40|    no    |
        | + Loop 2.1  |   12|    12|         3|          -|          -|     4|    no    |
        | + Loop 2.2  |    6|     6|         2|          -|          -|     3|    no    |
        | + Loop 2.3  |   12|    12|         3|          -|          -|     4|    no    |
        | + Loop 2.4  |    8|     8|         2|          -|          -|     4|    no    |
        +-------------+-----+------+----------+-----------+-----------+------+----------+



================================================================
== Utilization Estimates
================================================================
* Summary: 
+-----------------+---------+-------+--------+-------+
|       Name      | BRAM_18K| DSP48E|   FF   |  LUT  |
+-----------------+---------+-------+--------+-------+
|DSP              |        -|      -|       -|      -|
|Expression       |        -|      -|       0|    254|
|FIFO             |        -|      -|       -|      -|
|Instance         |        -|      -|       0|    126|
|Memory           |        2|      -|       0|      0|
|Multiplexer      |        -|      -|       -|    401|
|Register         |        -|      -|     342|      -|
+-----------------+---------+-------+--------+-------+
|Total            |        2|      0|     342|    781|
+-----------------+---------+-------+--------+-------+
|Available        |      280|    220|  106400|  53200|
+-----------------+---------+-------+--------+-------+
|Utilization (%)  |    ~0   |      0|   ~0   |      1|
+-----------------+---------+-------+--------+-------+

+ Detail: 
    * Instance: 
    +-------------------------+----------------------+---------+-------+---+----+
    |         Instance        |        Module        | BRAM_18K| DSP48E| FF| LUT|
    +-------------------------+----------------------+---------+-------+---+----+
    |aes128_encrypt_bldEe_U1  |aes128_encrypt_bldEe  |        0|      0|  0|  21|
    |aes128_encrypt_bleOg_U2  |aes128_encrypt_bleOg  |        0|      0|  0|  21|
    |aes128_encrypt_bleOg_U3  |aes128_encrypt_bleOg  |        0|      0|  0|  21|
    |aes128_encrypt_bleOg_U4  |aes128_encrypt_bleOg  |        0|      0|  0|  21|
    |aes128_encrypt_bleOg_U5  |aes128_encrypt_bleOg  |        0|      0|  0|  21|
    |aes128_encrypt_bleOg_U6  |aes128_encrypt_bleOg  |        0|      0|  0|  21|
    +-------------------------+----------------------+---------+-------+---+----+
    |Total                    |                      |        0|      0|  0| 126|
    +-------------------------+----------------------+---------+-------+---+----+

    * DSP48: 
    N/A

    * Memory: 
    +-----------+----------------------+---------+---+----+------+-----+------+-------------+
    |   Memory  |        Module        | BRAM_18K| FF| LUT| Words| Bits| Banks| W*Bits*Banks|
    +-----------+----------------------+---------+---+----+------+-----+------+-------------+
    |sbox_hw_U  |aes128_expand_keybkb  |        1|  0|   0|   256|    8|     1|         2048|
    |rcon_hw_U  |aes128_expand_keycud  |        1|  0|   0|   255|    8|     1|         2040|
    +-----------+----------------------+---------+---+----+------+-----+------+-------------+
    |Total      |                      |        2|  0|   0|   511|   16|     2|         4088|
    +-----------+----------------------+---------+---+----+------+-----+------+-------------+

    * FIFO: 
    N/A

    * Expression: 
    +----------------------+----------+-------+---+----+------------+------------+
    |     Variable Name    | Operation| DSP48E| FF| LUT| Bitwidth P0| Bitwidth P1|
    +----------------------+----------+-------+---+----+------------+------------+
    |i_10_fu_841_p2        |     +    |      0|  0|  12|           3|           1|
    |i_7_fu_646_p2         |     +    |      0|  0|  12|           3|           1|
    |i_8_fu_693_p2         |     +    |      0|  0|  10|           2|           1|
    |i_9_fu_774_p2         |     +    |      0|  0|  12|           3|           1|
    |j_5_fu_806_p2         |     +    |      0|  0|  39|          32|           1|
    |size_3_fu_829_p2      |     +    |      0|  0|  15|           8|           3|
    |size_4_fu_887_p2      |     +    |      0|  0|  15|           1|           8|
    |tmp_18_fu_662_p2      |     +    |      0|  0|  15|           8|           8|
    |tmp_23_fu_847_p2      |     +    |      0|  0|  15|           6|           8|
    |tmp_s_fu_614_p2       |     +    |      0|  0|  15|           5|           1|
    |exitcond1_fu_768_p2   |   icmp   |      0|  0|   9|           3|           4|
    |exitcond2_fu_640_p2   |   icmp   |      0|  0|   9|           3|           4|
    |exitcond3_fu_608_p2   |   icmp   |      0|  0|  11|           5|           6|
    |exitcond_fu_835_p2    |   icmp   |      0|  0|   9|           3|           4|
    |exitcond_i_fu_687_p2  |   icmp   |      0|  0|   8|           2|           2|
    |tmp_16_fu_634_p2      |   icmp   |      0|  0|  11|           8|           8|
    |tmp_17_fu_681_p2      |   icmp   |      0|  0|   9|           4|           1|
    |tmp_0_4_fu_713_p3     |  select  |      0|  0|   8|           1|           8|
    |tmp_0_3_fu_822_p2     |    xor   |      0|  0|   8|           8|           8|
    |tmp_26_fu_876_p2      |    xor   |      0|  0|   8|           8|           8|
    |tmp_fu_652_p2         |    xor   |      0|  0|   4|           3|           4|
    +----------------------+----------+-------+---+----+------------+------------+
    |Total                 |          |      0|  0| 254|         119|          90|
    +----------------------+----------+-------+---+----+------------+------------+

    * Multiplexer: 
    +------------------------------+----+-----------+-----+-----------+
    |             Name             | LUT| Input Size| Bits| Total Bits|
    +------------------------------+----+-----------+-----+-----------+
    |ap_NS_fsm                     |  65|         16|    1|         16|
    |expanded_key_address0         |  27|          5|    8|         40|
    |expanded_key_d0               |  15|          3|    8|         24|
    |i_1_reg_449                   |   9|          2|    3|          6|
    |i_2_reg_583                   |   9|          2|    3|          6|
    |i_i_reg_380                   |   9|          2|    2|          4|
    |i_reg_264                     |   9|          2|    3|          6|
    |j_fu_64                       |   9|          2|   32|         64|
    |size_1_reg_208                |   9|          2|    8|         16|
    |size_2_reg_594                |   9|          2|    8|         16|
    |size_reg_149                  |   9|          2|    5|         10|
    |tmp_0_1_reg_571               |   9|          2|    8|         16|
    |tmp_0_be_reg_514              |   9|          2|    8|         16|
    |tmp_0_s_reg_439               |   9|          2|    8|         16|
    |tmp_1_2_reg_369               |   9|          2|    8|         16|
    |tmp_1_3_be_reg_496            |   9|          2|    8|         16|
    |tmp_1_3_reg_428               |   9|          2|    8|         16|
    |tmp_1_5_reg_558               |   9|          2|    8|         16|
    |tmp_29_be_reg_329             |   9|          2|    8|         16|
    |tmp_2_2_reg_358               |   9|          2|    8|         16|
    |tmp_2_3_be_reg_478            |   9|          2|    8|         16|
    |tmp_2_3_reg_417               |   9|          2|    8|         16|
    |tmp_2_5_reg_545               |   9|          2|    8|         16|
    |tmp_33_reg_253                |   9|          2|    8|         16|
    |tmp_3_3_be_reg_460            |   9|          2|    8|         16|
    |tmp_3_3_reg_406               |   9|          2|    8|         16|
    |tmp_3_5_reg_532               |   9|          2|    8|         16|
    |word_1_read_assign_reg_242    |   9|          2|    8|         16|
    |word_1_read_assign_s_reg_311  |   9|          2|    8|         16|
    |word_2_read_assign_reg_231    |   9|          2|    8|         16|
    |word_2_read_assign_s_reg_293  |   9|          2|    8|         16|
    |word_3_read_assign_reg_220    |   9|          2|    8|         16|
    |word_3_read_assign_s_reg_275  |   9|          2|    8|         16|
    |word_i_13_reg_392             |  15|          3|    8|         24|
    |write_flag_i_reg_347          |   9|          2|    1|          2|
    +------------------------------+----+-----------+-----+-----------+
    |Total                         | 401|         89|  266|        586|
    +------------------------------+----+-----------+-----+-----------+

    * Register: 
    +------------------------------+----+----+-----+-----------+
    |             Name             | FF | LUT| Bits| Const Bits|
    +------------------------------+----+----+-----+-----------+
    |ap_CS_fsm                     |  15|   0|   15|          0|
    |i_10_reg_1018                 |   3|   0|    3|          0|
    |i_1_reg_449                   |   3|   0|    3|          0|
    |i_2_reg_583                   |   3|   0|    3|          0|
    |i_7_reg_920                   |   3|   0|    3|          0|
    |i_8_reg_955                   |   2|   0|    2|          0|
    |i_9_reg_983                   |   3|   0|    3|          0|
    |i_i_reg_380                   |   2|   0|    2|          0|
    |i_reg_264                     |   3|   0|    3|          0|
    |j_fu_64                       |  32|   0|   32|          0|
    |size_1_reg_208                |   8|   0|    8|          0|
    |size_2_reg_594                |   8|   0|    8|          0|
    |size_3_reg_1010               |   8|   0|    8|          0|
    |size_reg_149                  |   5|   0|    5|          0|
    |tmp_0_1_reg_571               |   8|   0|    8|          0|
    |tmp_0_be_reg_514              |   8|   0|    8|          0|
    |tmp_0_reg_196                 |   8|   0|    8|          0|
    |tmp_0_s_reg_439               |   8|   0|    8|          0|
    |tmp_17_reg_934                |   1|   0|    1|          0|
    |tmp_1_2_reg_369               |   8|   0|    8|          0|
    |tmp_1_3_be_reg_496            |   8|   0|    8|          0|
    |tmp_1_3_reg_428               |   8|   0|    8|          0|
    |tmp_1_5_reg_558               |   8|   0|    8|          0|
    |tmp_1_reg_184                 |   8|   0|    8|          0|
    |tmp_25_reg_1028               |   8|   0|    8|          0|
    |tmp_29_be_reg_329             |   8|   0|    8|          0|
    |tmp_2_2_reg_358               |   8|   0|    8|          0|
    |tmp_2_3_be_reg_478            |   8|   0|    8|          0|
    |tmp_2_3_reg_417               |   8|   0|    8|          0|
    |tmp_2_5_reg_545               |   8|   0|    8|          0|
    |tmp_2_reg_172                 |   8|   0|    8|          0|
    |tmp_30_reg_930                |   2|   0|    2|          0|
    |tmp_31_reg_988                |   2|   0|    2|          0|
    |tmp_33_reg_253                |   8|   0|    8|          0|
    |tmp_3_3_be_reg_460            |   8|   0|    8|          0|
    |tmp_3_3_reg_406               |   8|   0|    8|          0|
    |tmp_3_5_reg_532               |   8|   0|    8|          0|
    |tmp_3_reg_160                 |   8|   0|    8|          0|
    |tmp_s_reg_896                 |   5|   0|    5|          0|
    |word_1_read_assign_reg_242    |   8|   0|    8|          0|
    |word_1_read_assign_s_reg_311  |   8|   0|    8|          0|
    |word_2_read_assign_reg_231    |   8|   0|    8|          0|
    |word_2_read_assign_s_reg_293  |   8|   0|    8|          0|
    |word_3_read_assign_reg_220    |   8|   0|    8|          0|
    |word_3_read_assign_s_reg_275  |   8|   0|    8|          0|
    |word_i_13_reg_392             |   8|   0|    8|          0|
    |word_i_fu_68                  |   8|   0|    8|          0|
    |write_flag_be_i_reg_960       |   1|   0|    1|          0|
    |write_flag_i_reg_347          |   1|   0|    1|          0|
    +------------------------------+----+----+-----+-----------+
    |Total                         | 342|   0|  342|          0|
    +------------------------------+----+----+-----+-----------+



================================================================
== Interface
================================================================
* Summary: 
+-----------------------+-----+-----+------------+----------------------+--------------+
|       RTL Ports       | Dir | Bits|  Protocol  |     Source Object    |    C Type    |
+-----------------------+-----+-----+------------+----------------------+--------------+
|ap_clk                 |  in |    1| ap_ctrl_hs | aes128_expand_key_hw | return value |
|ap_rst                 |  in |    1| ap_ctrl_hs | aes128_expand_key_hw | return value |
|ap_start               |  in |    1| ap_ctrl_hs | aes128_expand_key_hw | return value |
|ap_done                | out |    1| ap_ctrl_hs | aes128_expand_key_hw | return value |
|ap_idle                | out |    1| ap_ctrl_hs | aes128_expand_key_hw | return value |
|ap_ready               | out |    1| ap_ctrl_hs | aes128_expand_key_hw | return value |
|key_address0           | out |    4|  ap_memory |          key         |     array    |
|key_ce0                | out |    1|  ap_memory |          key         |     array    |
|key_q0                 |  in |    8|  ap_memory |          key         |     array    |
|expanded_key_address0  | out |    8|  ap_memory |     expanded_key     |     array    |
|expanded_key_ce0       | out |    1|  ap_memory |     expanded_key     |     array    |
|expanded_key_we0       | out |    1|  ap_memory |     expanded_key     |     array    |
|expanded_key_d0        | out |    8|  ap_memory |     expanded_key     |     array    |
|expanded_key_q0        |  in |    8|  ap_memory |     expanded_key     |     array    |
+-----------------------+-----+-----+------------+----------------------+--------------+

