

================================================================
== Vivado HLS Report for 'aes128_encrypt_block_hw'
================================================================
* Date:           Tue Apr  9 20:29:33 2024

* Version:        2018.3 (Build 2405991 on Thu Dec 06 23:56:15 MST 2018)
* Project:        AES_HLS_ECE1155
* Solution:       solution1
* Product family: zynq
* Target device:  xc7z020clg400-1


================================================================
== Performance Estimates
================================================================
+ Timing (ns): 
    * Summary: 
    +--------+-------+----------+------------+
    |  Clock | Target| Estimated| Uncertainty|
    +--------+-------+----------+------------+
    |ap_clk  |  10.00|     7.498|        1.25|
    +--------+-------+----------+------------+

+ Latency (clock cycles): 
    * Summary: 
    +------+------+------+------+---------+
    |   Latency   |   Interval  | Pipeline|
    |  min |  max |  min |  max |   Type  |
    +------+------+------+------+---------+
    |  3802|  5650|  3802|  5650|   none  |
    +------+------+------+------+---------+

    + Detail: 
        * Instance: 
        +---------------------------------+----------------------+-----+------+-----+------+---------+
        |                                 |                      |   Latency  |  Interval  | Pipeline|
        |             Instance            |        Module        | min |  max | min |  max |   Type  |
        +---------------------------------+----------------------+-----+------+-----+------+---------+
        |grp_aes128_mix_columns_h_fu_239  |aes128_mix_columns_h  |  141|   141|  141|   141|   none  |
        |grp_aes128_expand_key_hw_fu_244  |aes128_expand_key_hw  |  994|  1794|  994|  1794|   none  |
        |grp_aes128_shift_rows_hw_fu_255  |aes128_shift_rows_hw  |    9|   117|    9|   117|   none  |
        |grp_aes128_extract_round_fu_260  |aes128_extract_round  |   41|    41|   41|    41|   none  |
        |grp_aes128_add_round_key_fu_269  |aes128_add_round_key  |   33|    33|   33|    33|   none  |
        +---------------------------------+----------------------+-----+------+-----+------+---------+

        * Loop: 
        +-------------+------+------+-----------+-----------+-----------+------+----------+
        |             |   Latency   | Iteration |  Initiation Interval  | Trip |          |
        |  Loop Name  |  min |  max |  Latency  |  achieved |   target  | Count| Pipelined|
        +-------------+------+------+-----------+-----------+-----------+------+----------+
        |- Loop 1     |    40|    40|         10|          -|          -|     4|    no    |
        | + Loop 1.1  |     8|     8|          2|          -|          -|     4|    no    |
        |- Loop 2     |  2520|  3492| 280 ~ 388 |          -|          -|     9|    no    |
        | + Loop 2.1  |    48|    48|          3|          -|          -|    16|    no    |
        |- Loop 3     |    48|    48|          3|          -|          -|    16|    no    |
        |- Loop 4     |    40|    40|         10|          -|          -|     4|    no    |
        | + Loop 4.1  |     8|     8|          2|          -|          -|     4|    no    |
        +-------------+------+------+-----------+-----------+-----------+------+----------+



================================================================
== Utilization Estimates
================================================================
* Summary: 
+-----------------+---------+-------+--------+-------+
|       Name      | BRAM_18K| DSP48E|   FF   |  LUT  |
+-----------------+---------+-------+--------+-------+
|DSP              |        -|      -|       -|      -|
|Expression       |        -|      -|       0|    212|
|FIFO             |        -|      -|       -|      -|
|Instance         |        2|      -|    1092|   3020|
|Memory           |        2|      -|      32|      4|
|Multiplexer      |        -|      -|       -|    450|
|Register         |        -|      -|     115|      -|
+-----------------+---------+-------+--------+-------+
|Total            |        4|      0|    1239|   3686|
+-----------------+---------+-------+--------+-------+
|Available        |      280|    220|  106400|  53200|
+-----------------+---------+-------+--------+-------+
|Utilization (%)  |        1|      0|       1|      6|
+-----------------+---------+-------+--------+-------+

+ Detail: 
    * Instance: 
    +---------------------------------+----------------------+---------+-------+-----+------+
    |             Instance            |        Module        | BRAM_18K| DSP48E|  FF |  LUT |
    +---------------------------------+----------------------+---------+-------+-----+------+
    |grp_aes128_add_round_key_fu_269  |aes128_add_round_key  |        0|      0|   17|    79|
    |grp_aes128_expand_key_hw_fu_244  |aes128_expand_key_hw  |        2|      0|  342|   781|
    |grp_aes128_extract_round_fu_260  |aes128_extract_round  |        0|      0|   33|   128|
    |grp_aes128_mix_columns_h_fu_239  |aes128_mix_columns_h  |        0|      0|  666|  1863|
    |grp_aes128_shift_rows_hw_fu_255  |aes128_shift_rows_hw  |        0|      0|   34|   169|
    +---------------------------------+----------------------+---------+-------+-----+------+
    |Total                            |                      |        2|      0| 1092|  3020|
    +---------------------------------+----------------------+---------+-------+-----+------+

    * DSP48: 
    N/A

    * Memory: 
    +----------------+----------------------+---------+----+----+------+-----+------+-------------+
    |     Memory     |        Module        | BRAM_18K| FF | LUT| Words| Bits| Banks| W*Bits*Banks|
    +----------------+----------------------+---------+----+----+------+-----+------+-------------+
    |state_U         |aes128_encrypt_blg8j  |        0|  16|   2|    16|    8|     1|          128|
    |round_key_U     |aes128_encrypt_blg8j  |        0|  16|   2|    16|    8|     1|          128|
    |expanded_key_U  |aes128_encrypt_blibs  |        1|   0|   0|   176|    8|     1|         1408|
    |sbox_hw_U       |aes128_expand_keybkb  |        1|   0|   0|   256|    8|     1|         2048|
    +----------------+----------------------+---------+----+----+------+-----+------+-------------+
    |Total           |                      |        2|  32|   4|   464|   32|     4|         3712|
    +----------------+----------------------+---------+----+----+------+-----+------+-------------+

    * FIFO: 
    N/A

    * Expression: 
    +----------------------------------+----------+-------+---+----+------------+------------+
    |           Variable Name          | Operation| DSP48E| FF| LUT| Bitwidth P0| Bitwidth P1|
    +----------------------------------+----------+-------+---+----+------------+------------+
    |i_11_fu_285_p2                    |     +    |      0|  0|  12|           3|           1|
    |i_12_fu_403_p2                    |     +    |      0|  0|  15|           5|           1|
    |i_13_fu_386_p2                    |     +    |      0|  0|  13|           4|           1|
    |i_14_fu_429_p2                    |     +    |      0|  0|  12|           3|           1|
    |i_3_fu_375_p2                     |     +    |      0|  0|  15|           5|           1|
    |j_6_fu_313_p2                     |     +    |      0|  0|  12|           3|           1|
    |j_7_fu_457_p2                     |     +    |      0|  0|  12|           3|           1|
    |tmp_28_fu_319_p2                  |     +    |      0|  0|  13|           4|           4|
    |tmp_31_fu_341_p2                  |     +    |      0|  0|  13|           4|           4|
    |tmp_35_fu_475_p2                  |     +    |      0|  0|  13|           4|           4|
    |tmp_37_fu_485_p2                  |     +    |      0|  0|  13|           4|           4|
    |exitcond1_fu_423_p2               |   icmp   |      0|  0|   9|           3|           4|
    |exitcond2_fu_350_p2               |   icmp   |      0|  0|   9|           4|           4|
    |exitcond3_fu_307_p2               |   icmp   |      0|  0|   9|           3|           4|
    |exitcond4_fu_279_p2               |   icmp   |      0|  0|   9|           3|           4|
    |exitcond_fu_451_p2                |   icmp   |      0|  0|   9|           3|           4|
    |exitcond_i7_fu_397_p2             |   icmp   |      0|  0|  11|           5|           6|
    |exitcond_i_fu_369_p2              |   icmp   |      0|  0|  11|           5|           6|
    |ap_block_state23_on_subcall_done  |    or    |      0|  0|   2|           1|           1|
    +----------------------------------+----------+-------+---+----+------------+------------+
    |Total                             |          |      0|  0| 212|          69|          56|
    +----------------------------------+----------+-------+---+----+------------+------------+

    * Multiplexer: 
    +-----------------------------------------------------+-----+-----------+-----+-----------+
    |                         Name                        | LUT | Input Size| Bits| Total Bits|
    +-----------------------------------------------------+-----+-----------+-----+-----------+
    |ap_NS_fsm                                            |  133|         29|    1|         29|
    |expanded_key_address0                                |   15|          3|    8|         24|
    |expanded_key_ce0                                     |   15|          3|    1|          3|
    |expanded_key_we0                                     |    9|          2|    1|          2|
    |grp_aes128_extract_round_fu_260_expanded_key_offset  |   21|          4|   10|         40|
    |i_1_reg_183                                          |    9|          2|    4|          8|
    |i_2_reg_217                                          |    9|          2|    3|          6|
    |i_i6_reg_206                                         |    9|          2|    5|         10|
    |i_i_reg_195                                          |    9|          2|    5|         10|
    |i_reg_161                                            |    9|          2|    3|          6|
    |j_1_reg_228                                          |    9|          2|    3|          6|
    |j_reg_172                                            |    9|          2|    3|          6|
    |round_key_address0                                   |   15|          3|    4|         12|
    |round_key_ce0                                        |   15|          3|    1|          3|
    |round_key_we0                                        |    9|          2|    1|          2|
    |sbox_hw_address0                                     |   21|          4|    8|         32|
    |state_address0                                       |   47|         10|    4|         40|
    |state_ce0                                            |   27|          5|    1|          5|
    |state_d0                                             |   33|          6|    8|         48|
    |state_we0                                            |   27|          5|    1|          5|
    +-----------------------------------------------------+-----+-----------+-----+-----------+
    |Total                                                |  450|         93|   75|        297|
    +-----------------------------------------------------+-----+-----------+-----+-----------+

    * Register: 
    +----------------------------------------------+----+----+-----+-----------+
    |                     Name                     | FF | LUT| Bits| Const Bits|
    +----------------------------------------------+----+----+-----+-----------+
    |ap_CS_fsm                                     |  28|   0|   28|          0|
    |grp_aes128_add_round_key_fu_269_ap_start_reg  |   1|   0|    1|          0|
    |grp_aes128_expand_key_hw_fu_244_ap_start_reg  |   1|   0|    1|          0|
    |grp_aes128_extract_round_fu_260_ap_start_reg  |   1|   0|    1|          0|
    |grp_aes128_mix_columns_h_fu_239_ap_start_reg  |   1|   0|    1|          0|
    |grp_aes128_shift_rows_hw_fu_255_ap_start_reg  |   1|   0|    1|          0|
    |i_11_reg_502                                  |   3|   0|    3|          0|
    |i_12_reg_564                                  |   5|   0|    5|          0|
    |i_13_reg_551                                  |   4|   0|    4|          0|
    |i_14_reg_587                                  |   3|   0|    3|          0|
    |i_1_reg_183                                   |   4|   0|    4|          0|
    |i_2_cast_reg_579                              |   3|   0|    4|          1|
    |i_2_reg_217                                   |   3|   0|    3|          0|
    |i_3_reg_541                                   |   5|   0|    5|          0|
    |i_cast_reg_494                                |   3|   0|    4|          1|
    |i_i6_reg_206                                  |   5|   0|    5|          0|
    |i_i_reg_195                                   |   5|   0|    5|          0|
    |i_reg_161                                     |   3|   0|    3|          0|
    |j_1_reg_228                                   |   3|   0|    3|          0|
    |j_6_reg_515                                   |   3|   0|    3|          0|
    |j_7_reg_600                                   |   3|   0|    3|          0|
    |j_reg_172                                     |   3|   0|    3|          0|
    |state_addr_5_reg_569                          |   4|   0|    4|          0|
    |state_addr_6_reg_546                          |   4|   0|    4|          0|
    |tmp_31_reg_525                                |   4|   0|    4|          0|
    |tmp_33_reg_592                                |   2|   0|    4|          2|
    |tmp_37_reg_610                                |   4|   0|    4|          0|
    |tmp_41_cast_reg_533                           |   4|   0|   10|          6|
    |tmp_reg_507                                   |   2|   0|    4|          2|
    +----------------------------------------------+----+----+-----+-----------+
    |Total                                         | 115|   0|  127|         12|
    +----------------------------------------------+----+----+-----+-----------+



================================================================
== Interface
================================================================
* Summary: 
+----------------+-----+-----+------------+-------------------------+--------------+
|    RTL Ports   | Dir | Bits|  Protocol  |      Source Object      |    C Type    |
+----------------+-----+-----+------------+-------------------------+--------------+
|ap_clk          |  in |    1| ap_ctrl_hs | aes128_encrypt_block_hw | return value |
|ap_rst          |  in |    1| ap_ctrl_hs | aes128_encrypt_block_hw | return value |
|ap_start        |  in |    1| ap_ctrl_hs | aes128_encrypt_block_hw | return value |
|ap_done         | out |    1| ap_ctrl_hs | aes128_encrypt_block_hw | return value |
|ap_idle         | out |    1| ap_ctrl_hs | aes128_encrypt_block_hw | return value |
|ap_ready        | out |    1| ap_ctrl_hs | aes128_encrypt_block_hw | return value |
|in_r_address0   | out |    4|  ap_memory |           in_r          |     array    |
|in_r_ce0        | out |    1|  ap_memory |           in_r          |     array    |
|in_r_q0         |  in |    8|  ap_memory |           in_r          |     array    |
|key_address0    | out |    4|  ap_memory |           key           |     array    |
|key_ce0         | out |    1|  ap_memory |           key           |     array    |
|key_q0          |  in |    8|  ap_memory |           key           |     array    |
|out_r_address0  | out |    4|  ap_memory |          out_r          |     array    |
|out_r_ce0       | out |    1|  ap_memory |          out_r          |     array    |
|out_r_we0       | out |    1|  ap_memory |          out_r          |     array    |
|out_r_d0        | out |    8|  ap_memory |          out_r          |     array    |
+----------------+-----+-----+------------+-------------------------+--------------+

